[2026-03-23 17:41:40] [Usuario]: 
	[>]	hpla
[2026-03-23 17:41:41] [Usuario]: 
	[>]	hola
[2026-03-23 17:41:50] [Usuario]: 
	[>]	GET/FiguresList
[2026-03-23 17:41:50] [Cliente]: 
	[>]	Conexion establecida: os.ecci.ucr.ac.cr
[2026-03-23 17:41:50] [Cliente]: 
	[>]	GET /lego/index.php HTTP/1.1
	[>]	Host: os.ecci.ucr.ac.cr
	[>]	Connection: close
	[>]	
	[>]	
[2026-03-23 17:41:50] [Server]: 
	[>]	Horse

	[>]	blacksheep

	[>]	dragon

	[>]	duck

	[>]	elephant

	[>]	fish

	[>]	giraffe

	[>]	hola

	[>]	horse

	[>]	lion

	[>]	monkey

	[>]	orchid

	[>]	penguin

	[>]	q

	[>]	roadrunner

	[>]	shark

	[>]	squid

	[>]	swan

	[>]	turtle

	[>]	whitesheep

[2026-03-23 17:43:19] [Usuario]: 
	[>]	GET/FiguresList
[2026-03-23 17:43:20] [Cliente]: 
	[>]	Conexion establecida: os.ecci.ucr.ac.cr
[2026-03-23 17:43:20] [Cliente]: 
	[>]	GET /lego/index.php HTTP/1.1
	[>]	Host: os.ecci.ucr.ac.cr
	[>]	Connection: close
	[>]	
	[>]	
[2026-03-23 17:43:20] [Server]: 
	[>]	Horse
	[>]	blacksheep
	[>]	dragon
	[>]	duck
	[>]	elephant
	[>]	fish
	[>]	giraffe
	[>]	hola
	[>]	horse
	[>]	lion
	[>]	monkey
	[>]	orchid
	[>]	penguin
	[>]	q
	[>]	roadrunner
	[>]	shark
	[>]	squid
	[>]	swan
	[>]	turtle
	[>]	whitesheep
[2026-03-23 17:46:40] [Usuario]: 
	[>]	GET/Figure_Name/lion
[2026-03-23 17:46:43] [Cliente]: 
	[>]	Conexion establecida: os.ecci.ucr.ac.cr
[2026-03-23 17:46:43] [Cliente]: 
	[>]	GET /lego/index.php HTTP/1.1
	[>]	Host: os.ecci.ucr.ac.cr
	[>]	Connection: close
	[>]	
	[>]	
[2026-03-23 17:46:43] [Server]: 
	[>]	Horse
	[>]	blacksheep
	[>]	dragon
	[>]	duck
	[>]	elephant
	[>]	fish
	[>]	giraffe
	[>]	hola
	[>]	horse
	[>]	lion
	[>]	monkey
	[>]	orchid
	[>]	penguin
	[>]	q
	[>]	roadrunner
	[>]	shark
	[>]	squid
	[>]	swan
	[>]	turtle
	[>]	whitesheep
[2026-03-23 17:47:39] [Usuario]: 
	[>]	Exit
[2026-03-23 17:47:39] [Server]: 
	[>]	Cerrando comunicacion
[2026-03-23 17:48:35] [Usuario]: 
	[>]	gjkjgkgr
[2026-03-23 17:48:56] [Usuario]: 
	[>]	GET/Figure_Name/lion
[2026-03-24 10:16:45] [Usuario]: 
	[>]	GET/Figure_lion/Half
[2026-03-24 10:16:45] [Cliente]: 
	[>]	Conexion establecida: os.ecci.ucr.ac.cr
[2026-03-24 10:16:45] [Cliente]: 
	[>]	GET /lego/index.php HTTP/1.1
	[>]	Host: os.ecci.ucr.ac.cr
	[>]	Connection: close
	[>]	
	[>]	
[2026-03-24 10:16:45] [Server]: 
	[>]	Horse
	[>]	blacksheep
	[>]	dragon
	[>]	duck
	[>]	elephant
	[>]	fish
	[>]	giraffe
	[>]	hola
	[>]	horse
	[>]	lion
	[>]	monkey
	[>]	orchid
	[>]	penguin
	[>]	q
	[>]	roadrunner
	[>]	shark
	[>]	squid
	[>]	swan
	[>]	turtle
	[>]	whitesheep
[2026-03-24 10:16:57] [Usuario]: 
	[>]	GET/Figure_lion/2
[2026-03-24 10:16:57] [Cliente]: 
	[>]	Conexion establecida: os.ecci.ucr.ac.cr
[2026-03-24 10:16:57] [Cliente]: 
	[>]	GET /lego/list.php?figure=lion&part=2 HTTP/1.1
	[>]	Host: os.ecci.ucr.ac.cr
	[>]	Connection: close
	[>]	
	[>]	
[2026-03-24 10:18:36] [Usuario]: 
	[>]	Exit
[2026-03-24 10:18:36] [Server]: 
	[>]	Cerrando comunicacion
[2026-03-24 10:18:55] [Usuario]: 
	[>]	Get/FiguresList
[2026-03-24 10:19:04] [Usuario]: 
	[>]	GET/FiguresList
[2026-03-24 10:19:04] [Cliente]: 
	[>]	Conexion establecida: os.ecci.ucr.ac.cr
[2026-03-24 10:19:04] [Cliente]: 
	[>]	GET /lego/index.php HTTP/1.1
	[>]	Host: os.ecci.ucr.ac.cr
	[>]	Connection: close
	[>]	
	[>]	
[2026-03-24 10:19:04] [Server]: 
	[>]	Horse
	[>]	blacksheep
	[>]	dragon
	[>]	duck
	[>]	elephant
	[>]	fish
	[>]	giraffe
	[>]	hola
	[>]	horse
	[>]	lion
	[>]	monkey
	[>]	orchid
	[>]	penguin
	[>]	q
	[>]	roadrunner
	[>]	shark
	[>]	squid
	[>]	swan
	[>]	turtle
	[>]	whitesheep
[2026-03-24 10:20:09] [Usuario]: 
	[>]	GET/FigureList
[2026-03-24 10:20:09] [Cliente]: 
	[>]	Comando invalido
[2026-03-24 10:20:25] [Usuario]: 
	[>]	GET/FiguresList
[2026-03-24 10:20:25] [Cliente]: 
	[>]	Conexion establecida: os.ecci.ucr.ac.cr
[2026-03-24 10:20:25] [Cliente]: 
	[>]	GET /lego/index.php HTTP/1.1
	[>]	Host: os.ecci.ucr.ac.cr
	[>]	Connection: close
	[>]	
	[>]	
[2026-03-24 10:20:25] [Server]: 
	[>]	Horse
	[>]	blacksheep
	[>]	dragon
	[>]	duck
	[>]	elephant
	[>]	fish
	[>]	giraffe
	[>]	hola
	[>]	horse
	[>]	lion
	[>]	monkey
	[>]	orchid
	[>]	penguin
	[>]	q
	[>]	roadrunner
	[>]	shark
	[>]	squid
	[>]	swan
	[>]	turtle
	[>]	whitesheep
[2026-03-24 10:20:36] [Usuario]: 
	[>]	GET/Figure_Lion/1
[2026-03-24 10:20:45] [Usuario]: 
	[>]	GET/Figure_lion/11
[2026-03-24 10:20:45] [Cliente]: 
	[>]	Comando invalido
[2026-03-24 10:20:56] [Usuario]: 
	[>]	GET/Figure_leion/1
[2026-03-24 10:21:06] [Usuario]: 
	[>]	GET/Figure_lion/1
[2026-03-24 10:21:06] [Cliente]: 
	[>]	Conexion establecida: os.ecci.ucr.ac.cr
[2026-03-24 10:21:06] [Cliente]: 
	[>]	GET /lego/list.php?figure=lion&part=1 HTTP/1.1
	[>]	Host: os.ecci.ucr.ac.cr
	[>]	Connection: close
	[>]	
	[>]	
[2026-03-24 10:21:09] [Usuario]: 
	[>]	Exit
[2026-03-24 10:21:09] [Server]: 
	[>]	Cerrando comunicacion
[2026-03-24 11:00:16] [Usuario]: 
	[>]	GET/FiguresList
[2026-03-24 11:00:16] [Cliente]: 
	[>]	Conexion establecida: os.ecci.ucr.ac.cr
[2026-03-24 11:00:16] [Cliente]: 
	[>]	GET /lego/index.php HTTP/1.1
 [>] Host: os.ecci.ucr.ac.cr
 [>] Connection: close
 [>] 
 [>] 
[2026-03-24 11:00:16] [Server]: 
	[>]	Horse
	[>]	blacksheep
	[>]	dragon
	[>]	duck
	[>]	elephant
	[>]	fish
	[>]	giraffe
	[>]	hola
	[>]	horse
	[>]	lion
	[>]	monkey
	[>]	orchid
	[>]	penguin
	[>]	q
	[>]	roadrunner
	[>]	shark
	[>]	squid
	[>]	swan
	[>]	turtle
	[>]	whitesheep
[2026-03-24 11:01:07] [Usuario]: 
	[>]	GET/FiguresList
[2026-03-24 11:01:07] [Cliente]: 
	[>]	Conexion establecida: os.ecci.ucr.ac.cr
[2026-03-24 11:01:07] [Cliente]: 
	[>]	GET /lego/index.php HTTP/1.1
 [>] Host: os.ecci.ucr.ac.cr
 [>] Connection: close
 [>] 
 [>] 
[2026-03-24 11:01:07] [Server]: 
	[>]	Horse
	[>]	blacksheep
	[>]	dragon
	[>]	duck
	[>]	elephant
	[>]	fish
	[>]	giraffe
	[>]	hola
	[>]	horse
	[>]	lion
	[>]	monkey
	[>]	orchid
	[>]	penguin
	[>]	q
	[>]	roadrunner
	[>]	shark
	[>]	squid
	[>]	swan
	[>]	turtle
	[>]	whitesheep
[2026-03-24 11:03:52] [Usuario]: 
	[>]	GET/FiguresList
[2026-03-24 11:03:52] [Cliente]: 
	[>]	Conexion establecida: os.ecci.ucr.ac.cr
[2026-03-24 11:03:52] [Cliente]: 
	[>]	GET /lego/index.php HTTP/1.1 [>]  [>] Host: os.ecci.ucr.ac.cr [>]  [>] Connection: close [>]  [>]  [>]  [>] 
[2026-03-24 11:03:52] [Server]: 
	[>]	Horse
	[>]	blacksheep
	[>]	dragon
	[>]	duck
	[>]	elephant
	[>]	fish
	[>]	giraffe
	[>]	hola
	[>]	horse
	[>]	lion
	[>]	monkey
	[>]	orchid
	[>]	penguin
	[>]	q
	[>]	roadrunner
	[>]	shark
	[>]	squid
	[>]	swan
	[>]	turtle
	[>]	whitesheep
[2026-03-24 11:07:26] [Usuario]: 
	[>]	
[2026-03-24 11:07:26] [Cliente]: 
	[>]	
[2026-03-24 11:07:26] [Cliente]: 
	[>]	\r [>] \n [>] \r [>] \n [>] \r [>] \n [>] \r [>] \n [>] 
[2026-03-24 11:07:26] [Server]: 
	[>]	Horse
	[>]	blacksheep
	[>]	dragon
	[>]	duck
	[>]	elephant
	[>]	fish
	[>]	giraffe
	[>]	hola
	[>]	horse
	[>]	lion
	[>]	monkey
	[>]	orchid
	[>]	penguin
	[>]	q
	[>]	roadrunner
	[>]	shark
	[>]	squid
	[>]	swan
	[>]	turtle
	[>]	whitesheep
[2026-03-24 11:08:09] [Usuario]: 
	[>]	GET/FiguresList
[2026-03-24 11:08:09] [Cliente]: 
	[>]	Conexion establecida: os.ecci.ucr.ac.cr
[2026-03-24 11:08:09] [Cliente]: 
	[>]	GET /lego/index.php HTTP/1.1\r [>] \n [>] Host: os.ecci.ucr.ac.cr\r [>] \n [>] Connection: close\r [>] \n [>] \r [>] \n [>] 
[2026-03-24 11:08:09] [Server]: 
	[>]	Horse
	[>]	blacksheep
	[>]	dragon
	[>]	duck
	[>]	elephant
	[>]	fish
	[>]	giraffe
	[>]	hola
	[>]	horse
	[>]	lion
	[>]	monkey
	[>]	orchid
	[>]	penguin
	[>]	q
	[>]	roadrunner
	[>]	shark
	[>]	squid
	[>]	swan
	[>]	turtle
	[>]	whitesheep
[2026-03-24 11:10:26] [Usuario]: 
	[>]	hhh}
[2026-03-24 11:10:26] [Cliente]: 
	[>]	Comando invalido
WARN
ERROR
[2026-03-24 11:21:19] [Usuario]: 
	[>]	fkgj
[2026-03-24 11:21:19] [Cliente]: 
	[>]	Comando invalido
[2026-03-24 11:21:19] [Usuario]: 
	[>]	g
[2026-03-24 11:21:19] [Cliente]: 
	[>]	Comando invalido
[2026-03-24 11:21:19] [Usuario]: 
	[>]	fg
[2026-03-24 11:21:19] [Cliente]: 
	[>]	Comando invalido
[2026-03-24 11:21:19] [Usuario]: 
	[>]	gf
[2026-03-24 11:21:19] [Cliente]: 
	[>]	Comando invalido
[2026-03-24 11:21:20] [Usuario]: 
	[>]	gf
[2026-03-24 11:21:20] [Cliente]: 
	[>]	Comando invalido
[2026-03-24 11:21:20] [Usuario]: 
	[>]	gf
[2026-03-24 11:21:20] [Cliente]: 
	[>]	Comando invalido
[2026-03-24 11:21:20] [Usuario]: 
	[>]	fg
[2026-03-24 11:21:20] [Cliente]: 
	[>]	Comando invalido


[2026-03-25 20:46:26] [Usuario]: 
	[>]	1
[2026-03-25 20:46:27] [Cliente]: 
	[>]	Conexion establecida: os.ecci.ucr.ac.cr
[2026-03-25 20:46:27] [Cliente]: 
	[>]	GET /lego/index.php HTTP/1.1\r [>] \n [>] Host: os.ecci.ucr.ac.cr\r [>] \n [>] Connection: close\r [>] \n [>] \r [>] \n [>] 
[2026-03-25 20:46:27] [Server]: 
	[>]	Horse
	[>]	blacksheep
	[>]	dragon
	[>]	duck
	[>]	elephant
	[>]	fish
	[>]	giraffe
	[>]	hola
	[>]	horse
	[>]	lion
	[>]	monkey
	[>]	orchid
	[>]	penguin
	[>]	q
	[>]	roadrunner
	[>]	shark
	[>]	squid
	[>]	swan
	[>]	turtle
	[>]	whitesheep
[2026-03-25 20:46:28] [Usuario]: 
	[>]	1
[2026-03-25 20:46:28] [Server]: 
	[>]	Lista de figuras en el servidor:
[2026-03-25 20:46:30] [Usuario]: 
	[>]	2
[2026-03-25 20:46:40] [Usuario]: 
	[>]	2
[2026-03-25 20:46:49] [Cliente]: 
	[>]	Conexion establecida: os.ecci.ucr.ac.cr
[2026-03-25 20:46:49] [Cliente]: 
	[>]	GET /lego/list.php?figure=whitesheep&part=2 HTTP/1.1\r [>] \n [>] Host: os.ecci.ucr.ac.cr\r [>] \n [>] Connection: close\r [>] \n [>] \r [>] \n [>] 
[2026-03-25 20:47:04] [Usuario]: 
	[>]	whitesheep 1
[2026-03-25 20:47:04] [Cliente]: 
	[>]	Comando invalido
[2026-03-25 20:47:10] [Usuario]: 
	[>]	2
[2026-03-25 20:47:12] [Cliente]: 
	[>]	Conexion establecida: os.ecci.ucr.ac.cr
[2026-03-25 20:47:12] [Cliente]: 
	[>]	GET /lego/list.php?figure=whitesheep&part=1 HTTP/1.1\r [>] \n [>] Host: os.ecci.ucr.ac.cr\r [>] \n [>] Connection: close\r [>] \n [>] \r [>] \n [>] 
[2026-03-25 20:48:24] [Usuario]: 
	[>]	3
[2026-03-25 20:48:24] [Server]: 
	[>]	Cerrando comunicacion
[2026-03-25 20:48:30] [Usuario]: 
	[>]	1
[2026-03-25 20:48:30] [Cliente]: 
	[>]	Conexion establecida: os.ecci.ucr.ac.cr
[2026-03-25 20:48:30] [Cliente]: 
	[>]	GET /lego/index.php HTTP/1.1\r [>] \n [>] Host: os.ecci.ucr.ac.cr\r [>] \n [>] Connection: close\r [>] \n [>] \r [>] \n [>] 
[2026-03-25 20:48:30] [Server]: 
	[>]	Horse
	[>]	blacksheep
	[>]	dragon
	[>]	duck
	[>]	elephant
	[>]	fish
	[>]	giraffe
	[>]	hola
	[>]	horse
	[>]	lion
	[>]	monkey
	[>]	orchid
	[>]	penguin
	[>]	q
	[>]	roadrunner
	[>]	shark
	[>]	squid
	[>]	swan
	[>]	turtle
	[>]	whitesheep
[2026-03-25 20:48:30] [Usuario]: 
	[>]	3
[2026-03-25 20:48:30] [Server]: 
	[>]	Cerrando comunicacion
[2026-03-25 20:48:30] [Usuario]: 
	[>]	1
[2026-03-25 20:48:30] [Server]: 
	[>]	Lista de figuras en el servidor:
[2026-03-25 20:48:30] [Usuario]: 
	[>]	2
[2026-03-25 20:48:30] [Cliente]: 
	[>]	Conexion establecida: os.ecci.ucr.ac.cr
[2026-03-25 20:48:30] [Cliente]: 
	[>]	GET /lego/list.php?figure=Horse&part=1 HTTP/1.1\r [>] \n [>] Host: os.ecci.ucr.ac.cr\r [>] \n [>] Connection: close\r [>] \n [>] \r [>] \n [>] 
[2026-03-25 20:48:30] [Usuario]: 
	[>]	3
[2026-03-25 20:48:30] [Server]: 
	[>]	Cerrando comunicacion
[2026-03-25 20:48:30] [Usuario]: 
	[>]	1
[2026-03-25 20:48:30] [Server]: 
	[>]	Lista de figuras en el servidor:
[2026-03-25 20:48:30] [Usuario]: 
	[>]	2
[2026-03-25 20:48:30] [Cliente]: 
	[>]	Conexion establecida: os.ecci.ucr.ac.cr
[2026-03-25 20:48:30] [Cliente]: 
	[>]	GET /lego/list.php?figure=Horse&part=1 HTTP/1.1\r [>] \n [>] Host: os.ecci.ucr.ac.cr\r [>] \n [>] Connection: close\r [>] \n [>] \r [>] \n [>] 
[2026-03-25 20:48:30] [Usuario]: 
	[>]	2
[2026-03-25 20:48:30] [Cliente]: 
	[>]	Conexion establecida: os.ecci.ucr.ac.cr
[2026-03-25 20:48:30] [Cliente]: 
	[>]	GET /lego/list.php?figure=blacksheep&part=1 HTTP/1.1\r [>] \n [>] Host: os.ecci.ucr.ac.cr\r [>] \n [>] Connection: close\r [>] \n [>] \r [>] \n [>] 
[2026-03-25 20:48:30] [Usuario]: 
	[>]	3
[2026-03-25 20:48:30] [Server]: 
	[>]	Cerrando comunicacion
[2026-03-25 20:48:30] [Usuario]: 
	[>]	1
[2026-03-25 20:48:30] [Server]: 
	[>]	Lista de figuras en el servidor:
[2026-03-25 20:48:30] [Usuario]: 
	[>]	2
[2026-03-25 20:48:30] [Usuario]: 
	[>]	3
[2026-03-25 20:48:30] [Server]: 
	[>]	Cerrando comunicacion
[2026-03-25 20:48:30] [Usuario]: 
	[>]	Comando Incorrecto
[2026-03-25 20:48:30] [Cliente]: 
	[>]	Comando invalido
[2026-03-25 20:48:30] [Usuario]: 
	[>]	Prueba
[2026-03-25 20:48:30] [Cliente]: 
	[>]	Comando invalido
[2026-03-25 20:48:30] [Usuario]: 
	[>]	Aleatorio
[2026-03-25 20:48:30] [Cliente]: 
	[>]	Comando invalido
[2026-03-25 20:48:30] [Usuario]: 
	[>]	GET ejemplo
[2026-03-25 20:48:30] [Cliente]: 
	[>]	Comando invalido
[2026-03-25 20:48:30] [Usuario]: 
	[>]	3
[2026-03-25 20:48:30] [Server]: 
	[>]	Cerrando comunicacion
[2026-03-25 20:48:30] [Usuario]: 
	[>]	4
[2026-03-25 20:48:30] [Cliente]: 
	[>]	Comando invalido
[2026-03-25 20:48:30] [Usuario]: 
	[>]	3
[2026-03-25 20:48:30] [Server]: 
	[>]	Cerrando comunicacion
[2026-03-25 20:48:30] [Usuario]: 
	[>]	1
[2026-03-25 20:48:30] [Server]: 
	[>]	Lista de figuras en el servidor:
[2026-03-25 20:48:30] [Usuario]: 
	[>]	2
[2026-03-25 20:48:30] [Usuario]: 
	[>]	3
[2026-03-25 20:48:30] [Server]: 
	[>]	Cerrando comunicacion
[2026-03-25 20:48:30] [Usuario]: 
	[>]	1
[2026-03-25 20:48:30] [Server]: 
	[>]	Lista de figuras en el servidor:
[2026-03-25 20:48:30] [Usuario]: 
	[>]	2
[2026-03-25 20:48:30] [Cliente]: 
	[>]	Comando invalido
[2026-03-25 20:48:30] [Usuario]: 
	[>]	3
[2026-03-25 20:48:30] [Server]: 
	[>]	Cerrando comunicacion
[2026-03-25 20:48:30] [Usuario]: 
	[>]	1
[2026-03-25 20:48:30] [Server]: 
	[>]	Lista de figuras en el servidor:
[2026-03-25 20:48:30] [Usuario]: 
	[>]	2
[2026-03-25 20:48:30] [Cliente]: 
	[>]	Conexion establecida: os.ecci.ucr.ac.cr
[2026-03-25 20:48:30] [Cliente]: 
	[>]	GET /lego/list.php?figure=Horse&part=1 HTTP/1.1\r [>] \n [>] Host: os.ecci.ucr.ac.cr\r [>] \n [>] Connection: close\r [>] \n [>] \r [>] \n [>] 
[2026-03-25 20:48:30] [Usuario]: 
	[>]	2
[2026-03-25 20:48:30] [Cliente]: 
	[>]	Conexion establecida: os.ecci.ucr.ac.cr
[2026-03-25 20:48:30] [Cliente]: 
	[>]	GET /lego/list.php?figure=blacksheep&part=2 HTTP/1.1\r [>] \n [>] Host: os.ecci.ucr.ac.cr\r [>] \n [>] Connection: close\r [>] \n [>] \r [>] \n [>] 
[2026-03-25 20:48:30] [Usuario]: 
	[>]	2
[2026-03-25 20:48:30] [Usuario]: 
	[>]	2
[2026-03-25 20:48:30] [Cliente]: 
	[>]	Conexion establecida: os.ecci.ucr.ac.cr
[2026-03-25 20:48:30] [Cliente]: 
	[>]	GET /lego/list.php?figure=squid&part=2 HTTP/1.1\r [>] \n [>] Host: os.ecci.ucr.ac.cr\r [>] \n [>] Connection: close\r [>] \n [>] \r [>] \n [>] 
[2026-03-25 20:48:30] [Usuario]: 
	[>]	3
[2026-03-25 20:48:30] [Server]: 
	[>]	Cerrando comunicacion
[2026-03-25 20:56:35] [Usuario]: 
	[>]	1
[2026-03-25 20:56:35] [Cliente]: 
	[>]	Conexion establecida: os.ecci.ucr.ac.cr
[2026-03-25 20:56:35] [Cliente]: 
	[>]	GET /lego/index.php HTTP/1.1\r [>] \n [>] Host: os.ecci.ucr.ac.cr\r [>] \n [>] Connection: close\r [>] \n [>] \r [>] \n [>] 
[2026-03-25 20:56:35] [Server]: 
	[>]	Horse
	[>]	blacksheep
	[>]	dragon
	[>]	duck
	[>]	elephant
	[>]	fish
	[>]	giraffe
	[>]	hola
	[>]	horse
	[>]	lion
	[>]	monkey
	[>]	orchid
	[>]	penguin
	[>]	q
	[>]	roadrunner
	[>]	shark
	[>]	squid
	[>]	swan
	[>]	turtle
	[>]	whitesheep
[2026-03-25 20:56:37] [Usuario]: 
	[>]	2
[2026-03-25 20:56:43] [Cliente]: 
	[>]	Conexion establecida: os.ecci.ucr.ac.cr
[2026-03-25 20:56:43] [Cliente]: 
	[>]	GET /lego/list.php?figure=turtle&part=1 HTTP/1.1\r [>] \n [>] Host: os.ecci.ucr.ac.cr\r [>] \n [>] Connection: close\r [>] \n [>] \r [>] \n [>] 
[2026-03-25 20:57:19] [Usuario]: 
	[>]	2
[2026-03-25 20:57:23] [Cliente]: 
	[>]	Conexion establecida: os.ecci.ucr.ac.cr
[2026-03-25 20:57:23] [Cliente]: 
	[>]	GET /lego/list.php?figure=turtle&part=2 HTTP/1.1\r [>] \n [>] Host: os.ecci.ucr.ac.cr\r [>] \n [>] Connection: close\r [>] \n [>] \r [>] \n [>] 
[2026-03-25 20:57:27] [Usuario]: 
	[>]	2 
[2026-03-25 20:57:27] [Cliente]: 
	[>]	Comando invalido
[2026-03-25 20:57:28] [Usuario]: 
	[>]	2
[2026-03-25 20:57:36] [Cliente]: 
	[>]	Conexion establecida: os.ecci.ucr.ac.cr
[2026-03-25 20:57:36] [Cliente]: 
	[>]	GET /lego/list.php?figure=turtle&part=1 HTTP/1.1\r [>] \n [>] Host: os.ecci.ucr.ac.cr\r [>] \n [>] Connection: close\r [>] \n [>] \r [>] \n [>] 
[2026-03-25 20:57:36] [Cliente]: 
	[>]	Conexion establecida: os.ecci.ucr.ac.cr
[2026-03-25 20:57:36] [Cliente]: 
	[>]	GET /lego/list.php?figure=turtle&part=2 HTTP/1.1\r [>] \n [>] Host: os.ecci.ucr.ac.cr\r [>] \n [>] Connection: close\r [>] \n [>] \r [>] \n [>] 
[2026-03-25 20:59:02] [Usuario]: 
	[>]	3
[2026-03-25 20:59:02] [Server]: 
	[>]	Cerrando comunicacion
[2026-03-25 20:59:09] [Usuario]: 
	[>]	2
[2026-03-25 20:59:14] [Cliente]: 
	[>]	Conexion establecida: os.ecci.ucr.ac.cr
[2026-03-25 20:59:14] [Cliente]: 
	[>]	GET /lego/index.php HTTP/1.1\r [>] \n [>] Host: os.ecci.ucr.ac.cr\r [>] \n [>] Connection: close\r [>] \n [>] \r [>] \n [>] 
[2026-03-25 20:59:14] [Server]: 
	[>]	Horse
	[>]	blacksheep
	[>]	dragon
	[>]	duck
	[>]	elephant
	[>]	fish
	[>]	giraffe
	[>]	hola
	[>]	horse
	[>]	lion
	[>]	monkey
	[>]	orchid
	[>]	penguin
	[>]	q
	[>]	roadrunner
	[>]	shark
	[>]	squid
	[>]	swan
	[>]	turtle
	[>]	whitesheep
[2026-03-25 20:59:14] [Cliente]: 
	[>]	Conexion establecida: os.ecci.ucr.ac.cr
[2026-03-25 20:59:14] [Cliente]: 
	[>]	GET /lego/list.php?figure=turtle&part=2 HTTP/1.1\r [>] \n [>] Host: os.ecci.ucr.ac.cr\r [>] \n [>] Connection: close\r [>] \n [>] \r [>] \n [>] 
[2026-03-25 20:59:25] [Usuario]: 
	[>]	3
[2026-03-25 20:59:25] [Server]: 
	[>]	Cerrando comunicacion
[2026-03-25 21:25:31] [Usuario]: 
	[>]	2
[2026-03-25 21:25:38] [Cliente]: 
	[>]	Conexion establecida: os.ecci.ucr.ac.cr
[2026-03-25 21:25:38] [Cliente]: 
	[>]	GET /lego/index.php HTTP/1.1\r [>] \n [>] Host: os.ecci.ucr.ac.cr\r [>] \n [>] Connection: close\r [>] \n [>] \r [>] \n [>] 
[2026-03-25 21:25:38] [Server]: 
	[>]	Horse
	[>]	blacksheep
	[>]	dragon
	[>]	duck
	[>]	elephant
	[>]	fish
	[>]	giraffe
	[>]	hola
	[>]	horse
	[>]	lion
	[>]	monkey
	[>]	orchid
	[>]	penguin
	[>]	q
	[>]	roadrunner
	[>]	shark
	[>]	squid
	[>]	swan
	[>]	turtle
	[>]	whitesheep
[2026-03-25 21:25:38] [Cliente]: 
	[>]	Conexion establecida: os.ecci.ucr.ac.cr
[2026-03-25 21:25:38] [Cliente]: 
	[>]	GET /lego/list.php?figure=lion&part=1 HTTP/1.1\r [>] \n [>] Host: os.ecci.ucr.ac.cr\r [>] \n [>] Connection: close\r [>] \n [>] \r [>] \n [>] 
[2026-03-25 21:25:38] [Cliente]: 
	[>]	Conexion establecida: os.ecci.ucr.ac.cr
[2026-03-25 21:25:38] [Cliente]: 
	[>]	GET /lego/list.php?figure=lion&part=2 HTTP/1.1\r [>] \n [>] Host: os.ecci.ucr.ac.cr\r [>] \n [>] Connection: close\r [>] \n [>] \r [>] \n [>] 
[2026-03-25 21:25:46] [Usuario]: 
	[>]	3
[2026-03-25 21:25:46] [Server]: 
	[>]	Cerrando comunicacion
