[2026-05-24 17:35:34] [INFO] [FIGURA_LOCAL]: Perro registrada en tabla local/global
[2026-05-24 17:35:34] [INFO] [FIGURA_LOCAL]: Gato registrada en tabla local/global
[2026-05-24 17:35:34] [INFO] [FIGURA_LOCAL]: Ballena registrada en tabla local/global
[2026-05-24 17:35:34] [INFO] [FIGURA_LOCAL]: Oveja registrada en tabla local/global
[2026-05-24 17:35:34] [INFO] [FIGURA_LOCAL]: Carro registrada en tabla local/global
[2026-05-24 17:35:34] [INFO] [HANDSHAKE_SENT]: Handshake enviado a SI-02
[2026-05-24 17:35:34] [INFO] [HANDSHAKE_RECEIVED]: Tabla global actualizada desde SI-01
[2026-05-24 17:35:34] [INFO] [HANDSHAKE_RECEIVED]: Tabla global actualizada desde SI-02
[2026-05-24 17:35:54] [INFO] [FIGURA_LOCAL]: Perro registrada en tabla local/global
[2026-05-24 17:35:54] [INFO] [FIGURA_LOCAL]: Gato registrada en tabla local/global
[2026-05-24 17:35:54] [INFO] [FIGURA_LOCAL]: Ballena registrada en tabla local/global
[2026-05-24 17:35:54] [INFO] [FIGURA_LOCAL]: Oveja registrada en tabla local/global
[2026-05-24 17:35:54] [INFO] [FIGURA_LOCAL]: Carro registrada en tabla local/global
[2026-05-24 17:35:54] [INFO] [HANDSHAKE_SENT]: Handshake enviado a SI-02
[2026-05-24 17:35:54] [INFO] [HANDSHAKE_RECEIVED]: Tabla global actualizada desde SI-01
[2026-05-24 17:35:54] [INFO] [HANDSHAKE_RECEIVED]: Tabla global actualizada desde SI-02
[2026-05-24 17:35:54] [INFO] [REGISTER]: Servidor de piezas registrado correctamente
[2026-05-24 17:42:57] [INFO] [FIGURA_LOCAL]: Perro registrada en tabla local/global
[2026-05-24 17:42:57] [INFO] [FIGURA_LOCAL]: Gato registrada en tabla local/global
[2026-05-24 17:42:57] [INFO] [FIGURA_LOCAL]: Ballena registrada en tabla local/global
[2026-05-24 17:42:57] [INFO] [FIGURA_LOCAL]: Oveja registrada en tabla local/global
[2026-05-24 17:42:57] [INFO] [FIGURA_LOCAL]: Carro registrada en tabla local/global
[2026-05-24 17:42:57] [INFO] [HANDSHAKE_SENT]: Handshake enviado a SI-02
[2026-05-24 17:42:57] [INFO] [HANDSHAKE_RECEIVED]: Tabla global actualizada desde SI-01
[2026-05-24 17:42:57] [INFO] [HANDSHAKE_RECEIVED]: Tabla global actualizada desde SI-02
[2026-05-24 17:42:57] [INFO] [REGISTER]: Servidor de piezas registrado correctamente
[2026-05-24 17:43:02] [INFO] [HEARTBEAT_SENT]: Enviando HEARTBEAT a SP
[2026-05-24 17:43:02] [INFO] [HEARTBEAT_SENT]: Enviando HEARTBEAT a SP
[2026-05-24 17:43:02] [INFO] [ALIVE]: Recibido ALIVE del servidor de piezas
[2026-05-24 17:43:07] [INFO] [HEARTBEAT_SENT]: Enviando HEARTBEAT a SP
[2026-05-24 17:43:07] [INFO] [HEARTBEAT_SENT]: Enviando HEARTBEAT a SP
[2026-05-24 17:43:07] [INFO] [ALIVE]: Recibido ALIVE del servidor de piezas
[2026-05-24 17:43:12] [INFO] [HEARTBEAT_SENT]: Enviando HEARTBEAT a SP
[2026-05-24 17:43:12] [INFO] [HEARTBEAT_SENT]: Enviando HEARTBEAT a SP
[2026-05-24 17:43:12] [INFO] [ALIVE]: Recibido ALIVE del servidor de piezas
[2026-05-24 17:43:17] [INFO] [HEARTBEAT_SENT]: Enviando HEARTBEAT a SP
[2026-05-24 17:43:17] [INFO] [HEARTBEAT_SENT]: Enviando HEARTBEAT a SP
[2026-05-24 17:43:17] [INFO] [ALIVE]: Recibido ALIVE del servidor de piezas
[2026-05-24 17:43:22] [INFO] [HEARTBEAT_SENT]: Enviando HEARTBEAT a SP
[2026-05-24 17:43:22] [INFO] [HEARTBEAT_SENT]: Enviando HEARTBEAT a SP
[2026-05-24 17:43:22] [INFO] [ALIVE]: Recibido ALIVE del servidor de piezas
[2026-05-24 17:43:27] [INFO] [HEARTBEAT_SENT]: Enviando HEARTBEAT a SP
[2026-05-24 17:43:27] [INFO] [HEARTBEAT_SENT]: Enviando HEARTBEAT a SP
[2026-05-24 17:43:27] [INFO] [ALIVE]: Recibido ALIVE del servidor de piezas
[2026-05-24 17:43:32] [INFO] [HEARTBEAT_SENT]: Enviando HEARTBEAT a SP
[2026-05-24 17:43:32] [INFO] [HEARTBEAT_SENT]: Enviando HEARTBEAT a SP
[2026-05-24 17:43:32] [INFO] [ALIVE]: Recibido ALIVE del servidor de piezas
[2026-05-24 17:43:37] [INFO] [HEARTBEAT_SENT]: Enviando HEARTBEAT a SP
[2026-05-24 17:43:37] [INFO] [HEARTBEAT_SENT]: Enviando HEARTBEAT a SP
[2026-05-24 17:43:37] [INFO] [ALIVE]: Recibido ALIVE del servidor de piezas
[2026-05-24 17:43:42] [INFO] [HEARTBEAT_SENT]: Enviando HEARTBEAT a SP
[2026-05-24 17:43:42] [INFO] [HEARTBEAT_SENT]: Enviando HEARTBEAT a SP
[2026-05-24 17:43:42] [INFO] [ALIVE]: Recibido ALIVE del servidor de piezas
[2026-05-24 17:43:47] [INFO] [HEARTBEAT_SENT]: Enviando HEARTBEAT a SP
[2026-05-24 17:43:47] [INFO] [HEARTBEAT_SENT]: Enviando HEARTBEAT a SP
[2026-05-24 17:43:47] [INFO] [ALIVE]: Recibido ALIVE del servidor de piezas
[2026-05-24 17:43:52] [INFO] [HEARTBEAT_SENT]: Enviando HEARTBEAT a SP
[2026-05-24 17:43:52] [INFO] [HEARTBEAT_SENT]: Enviando HEARTBEAT a SP
[2026-05-24 17:43:52] [INFO] [ALIVE]: Recibido ALIVE del servidor de piezas
[2026-05-24 17:43:57] [INFO] [HEARTBEAT_SENT]: Enviando HEARTBEAT a SP
[2026-05-24 17:43:57] [INFO] [HEARTBEAT_SENT]: Enviando HEARTBEAT a SP
[2026-05-24 17:43:57] [INFO] [ALIVE]: Recibido ALIVE del servidor de piezas
[2026-05-24 17:44:02] [INFO] [HEARTBEAT_SENT]: Enviando HEARTBEAT a SP
[2026-05-24 17:44:02] [INFO] [HEARTBEAT_SENT]: Enviando HEARTBEAT a SP
[2026-05-24 17:44:02] [INFO] [ALIVE]: Recibido ALIVE del servidor de piezas
[2026-05-24 17:44:04] [INFO] [INTERMEDIARY_REQUEST]: Consultando Oveja en SI-02
[2026-05-24 17:44:04] [INFO] [INTERMEDIARY_RESPONSE]: Respuesta recibida desde SI-02
[2026-05-24 17:44:07] [INFO] [HEARTBEAT_SENT]: Enviando HEARTBEAT a SP
[2026-05-24 17:44:07] [INFO] [HEARTBEAT_SENT]: Enviando HEARTBEAT a SP
[2026-05-24 17:44:07] [INFO] [ALIVE]: Recibido ALIVE del servidor de piezas
[2026-05-24 17:44:12] [INFO] [HEARTBEAT_SENT]: Enviando HEARTBEAT a SP
[2026-05-24 17:44:12] [INFO] [HEARTBEAT_SENT]: Enviando HEARTBEAT a SP
[2026-05-24 17:44:12] [INFO] [ALIVE]: Recibido ALIVE del servidor de piezas
[2026-05-24 17:44:17] [INFO] [HEARTBEAT_SENT]: Enviando HEARTBEAT a SP
[2026-05-24 17:44:17] [INFO] [HEARTBEAT_SENT]: Enviando HEARTBEAT a SP
[2026-05-24 17:44:17] [INFO] [ALIVE]: Recibido ALIVE del servidor de piezas
[2026-05-24 17:44:22] [INFO] [HEARTBEAT_SENT]: Enviando HEARTBEAT a SP
[2026-05-24 17:44:22] [INFO] [HEARTBEAT_SENT]: Enviando HEARTBEAT a SP
[2026-05-24 17:44:22] [INFO] [ALIVE]: Recibido ALIVE del servidor de piezas
[2026-05-24 17:44:27] [INFO] [HEARTBEAT_SENT]: Enviando HEARTBEAT a SP
[2026-05-24 17:44:27] [INFO] [HEARTBEAT_SENT]: Enviando HEARTBEAT a SP
[2026-05-24 17:44:27] [INFO] [ALIVE]: Recibido ALIVE del servidor de piezas
[2026-05-24 17:44:32] [INFO] [HEARTBEAT_SENT]: Enviando HEARTBEAT a SP
[2026-05-24 17:44:32] [INFO] [HEARTBEAT_SENT]: Enviando HEARTBEAT a SP
[2026-05-24 17:44:32] [INFO] [ALIVE]: Recibido ALIVE del servidor de piezas
[2026-05-24 17:44:37] [INFO] [HEARTBEAT_SENT]: Enviando HEARTBEAT a SP
[2026-05-24 17:44:37] [INFO] [HEARTBEAT_SENT]: Enviando HEARTBEAT a SP
[2026-05-24 17:44:37] [INFO] [ALIVE]: Recibido ALIVE del servidor de piezas
[2026-05-24 17:44:42] [INFO] [HEARTBEAT_SENT]: Enviando HEARTBEAT a SP
[2026-05-24 17:44:42] [INFO] [HEARTBEAT_SENT]: Enviando HEARTBEAT a SP
[2026-05-24 17:44:42] [INFO] [ALIVE]: Recibido ALIVE del servidor de piezas
[2026-05-24 17:44:47] [INFO] [HEARTBEAT_SENT]: Enviando HEARTBEAT a SP
[2026-05-24 17:44:47] [INFO] [HEARTBEAT_SENT]: Enviando HEARTBEAT a SP
[2026-05-24 17:44:47] [INFO] [ALIVE]: Recibido ALIVE del servidor de piezas
[2026-05-24 17:44:52] [INFO] [HEARTBEAT_SENT]: Enviando HEARTBEAT a SP
[2026-05-24 17:44:52] [INFO] [HEARTBEAT_SENT]: Enviando HEARTBEAT a SP
[2026-05-24 17:44:52] [INFO] [ALIVE]: Recibido ALIVE del servidor de piezas
[2026-05-24 17:44:57] [INFO] [HEARTBEAT_SENT]: Enviando HEARTBEAT a SP
[2026-05-24 17:44:57] [INFO] [HEARTBEAT_SENT]: Enviando HEARTBEAT a SP
[2026-05-24 17:44:57] [INFO] [ALIVE]: Recibido ALIVE del servidor de piezas
[2026-05-24 17:45:02] [INFO] [HEARTBEAT_SENT]: Enviando HEARTBEAT a SP
[2026-05-24 17:45:02] [INFO] [HEARTBEAT_SENT]: Enviando HEARTBEAT a SP
[2026-05-24 17:45:02] [INFO] [ALIVE]: Recibido ALIVE del servidor de piezas
[2026-05-24 17:45:07] [INFO] [HEARTBEAT_SENT]: Enviando HEARTBEAT a SP
[2026-05-24 17:45:07] [INFO] [HEARTBEAT_SENT]: Enviando HEARTBEAT a SP
[2026-05-24 17:45:07] [INFO] [ALIVE]: Recibido ALIVE del servidor de piezas
[2026-05-24 17:45:12] [INFO] [HEARTBEAT_SENT]: Enviando HEARTBEAT a SP
[2026-05-24 17:45:12] [INFO] [HEARTBEAT_SENT]: Enviando HEARTBEAT a SP
[2026-05-24 17:45:12] [INFO] [ALIVE]: Recibido ALIVE del servidor de piezas
[2026-05-24 17:45:17] [INFO] [HEARTBEAT_SENT]: Enviando HEARTBEAT a SP
[2026-05-24 17:45:17] [INFO] [HEARTBEAT_SENT]: Enviando HEARTBEAT a SP
[2026-05-24 17:45:17] [INFO] [ALIVE]: Recibido ALIVE del servidor de piezas
[2026-05-24 17:45:22] [INFO] [HEARTBEAT_SENT]: Enviando HEARTBEAT a SP
[2026-05-24 17:45:22] [INFO] [HEARTBEAT_SENT]: Enviando HEARTBEAT a SP
[2026-05-24 17:45:22] [INFO] [ALIVE]: Recibido ALIVE del servidor de piezas
[2026-05-24 17:45:27] [INFO] [HEARTBEAT_SENT]: Enviando HEARTBEAT a SP
[2026-05-24 17:45:27] [INFO] [HEARTBEAT_SENT]: Enviando HEARTBEAT a SP
[2026-05-24 17:45:27] [INFO] [ALIVE]: Recibido ALIVE del servidor de piezas
[2026-05-24 17:45:32] [INFO] [HEARTBEAT_SENT]: Enviando HEARTBEAT a SP
[2026-05-24 17:45:32] [INFO] [HEARTBEAT_SENT]: Enviando HEARTBEAT a SP
[2026-05-24 17:45:32] [INFO] [ALIVE]: Recibido ALIVE del servidor de piezas
[2026-05-24 17:45:37] [INFO] [HEARTBEAT_SENT]: Enviando HEARTBEAT a SP
[2026-05-24 17:45:37] [INFO] [HEARTBEAT_SENT]: Enviando HEARTBEAT a SP
[2026-05-24 17:45:37] [INFO] [ALIVE]: Recibido ALIVE del servidor de piezas
[2026-05-24 17:45:42] [INFO] [HEARTBEAT_SENT]: Enviando HEARTBEAT a SP
[2026-05-24 17:45:42] [INFO] [HEARTBEAT_SENT]: Enviando HEARTBEAT a SP
[2026-05-24 17:45:42] [INFO] [ALIVE]: Recibido ALIVE del servidor de piezas
[2026-05-24 17:45:47] [INFO] [HEARTBEAT_SENT]: Enviando HEARTBEAT a SP
[2026-05-24 17:45:47] [INFO] [HEARTBEAT_SENT]: Enviando HEARTBEAT a SP
[2026-05-24 17:45:47] [INFO] [ALIVE]: Recibido ALIVE del servidor de piezas
[2026-05-24 17:45:52] [INFO] [HEARTBEAT_SENT]: Enviando HEARTBEAT a SP
[2026-05-24 17:45:52] [INFO] [HEARTBEAT_SENT]: Enviando HEARTBEAT a SP
[2026-05-24 17:45:52] [INFO] [ALIVE]: Recibido ALIVE del servidor de piezas
[2026-05-24 17:45:57] [INFO] [HEARTBEAT_SENT]: Enviando HEARTBEAT a SP
[2026-05-24 17:45:57] [INFO] [HEARTBEAT_SENT]: Enviando HEARTBEAT a SP
[2026-05-24 17:45:57] [INFO] [ALIVE]: Recibido ALIVE del servidor de piezas
[2026-05-24 17:46:02] [INFO] [HEARTBEAT_SENT]: Enviando HEARTBEAT a SP
[2026-05-24 17:46:02] [INFO] [HEARTBEAT_SENT]: Enviando HEARTBEAT a SP
[2026-05-24 17:46:02] [INFO] [ALIVE]: Recibido ALIVE del servidor de piezas
[2026-05-24 17:46:07] [INFO] [HEARTBEAT_SENT]: Enviando HEARTBEAT a SP
[2026-05-24 17:46:07] [INFO] [HEARTBEAT_SENT]: Enviando HEARTBEAT a SP
[2026-05-24 17:46:07] [INFO] [ALIVE]: Recibido ALIVE del servidor de piezas
[2026-05-24 17:46:12] [INFO] [HEARTBEAT_SENT]: Enviando HEARTBEAT a SP
[2026-05-24 17:46:12] [INFO] [HEARTBEAT_SENT]: Enviando HEARTBEAT a SP
[2026-05-24 17:46:12] [INFO] [ALIVE]: Recibido ALIVE del servidor de piezas
[2026-05-24 17:46:17] [INFO] [HEARTBEAT_SENT]: Enviando HEARTBEAT a SP
[2026-05-24 17:46:17] [INFO] [HEARTBEAT_SENT]: Enviando HEARTBEAT a SP
[2026-05-24 17:46:17] [INFO] [ALIVE]: Recibido ALIVE del servidor de piezas
[2026-05-24 17:46:22] [INFO] [HEARTBEAT_SENT]: Enviando HEARTBEAT a SP
[2026-05-24 17:46:22] [INFO] [HEARTBEAT_SENT]: Enviando HEARTBEAT a SP
[2026-05-24 17:46:22] [INFO] [ALIVE]: Recibido ALIVE del servidor de piezas
[2026-05-24 17:46:27] [INFO] [HEARTBEAT_SENT]: Enviando HEARTBEAT a SP
[2026-05-24 17:46:27] [INFO] [HEARTBEAT_SENT]: Enviando HEARTBEAT a SP
[2026-05-24 17:46:27] [INFO] [ALIVE]: Recibido ALIVE del servidor de piezas
[2026-05-24 17:46:32] [INFO] [HEARTBEAT_SENT]: Enviando HEARTBEAT a SP
[2026-05-24 17:46:32] [INFO] [HEARTBEAT_SENT]: Enviando HEARTBEAT a SP
[2026-05-24 17:46:32] [INFO] [ALIVE]: Recibido ALIVE del servidor de piezas
[2026-05-24 17:46:37] [INFO] [HEARTBEAT_SENT]: Enviando HEARTBEAT a SP
[2026-05-24 17:46:37] [INFO] [HEARTBEAT_SENT]: Enviando HEARTBEAT a SP
[2026-05-24 17:46:37] [INFO] [ALIVE]: Recibido ALIVE del servidor de piezas
[2026-05-24 17:46:42] [INFO] [HEARTBEAT_SENT]: Enviando HEARTBEAT a SP
[2026-05-24 17:46:42] [INFO] [HEARTBEAT_SENT]: Enviando HEARTBEAT a SP
[2026-05-24 17:46:42] [INFO] [ALIVE]: Recibido ALIVE del servidor de piezas
[2026-05-24 17:46:47] [INFO] [HEARTBEAT_SENT]: Enviando HEARTBEAT a SP
[2026-05-24 17:46:47] [INFO] [HEARTBEAT_SENT]: Enviando HEARTBEAT a SP
[2026-05-24 17:46:47] [INFO] [ALIVE]: Recibido ALIVE del servidor de piezas
[2026-05-24 17:46:52] [INFO] [HEARTBEAT_SENT]: Enviando HEARTBEAT a SP
[2026-05-24 17:46:52] [INFO] [HEARTBEAT_SENT]: Enviando HEARTBEAT a SP
[2026-05-24 17:46:52] [INFO] [ALIVE]: Recibido ALIVE del servidor de piezas
[2026-05-24 17:46:57] [INFO] [HEARTBEAT_SENT]: Enviando HEARTBEAT a SP
[2026-05-24 17:46:57] [INFO] [HEARTBEAT_SENT]: Enviando HEARTBEAT a SP
[2026-05-24 17:46:57] [INFO] [ALIVE]: Recibido ALIVE del servidor de piezas
[2026-05-24 17:47:02] [INFO] [HEARTBEAT_SENT]: Enviando HEARTBEAT a SP
[2026-05-24 17:47:02] [INFO] [HEARTBEAT_SENT]: Enviando HEARTBEAT a SP
[2026-05-24 17:47:02] [INFO] [ALIVE]: Recibido ALIVE del servidor de piezas
[2026-05-24 17:47:07] [INFO] [HEARTBEAT_SENT]: Enviando HEARTBEAT a SP
[2026-05-24 17:47:07] [INFO] [HEARTBEAT_SENT]: Enviando HEARTBEAT a SP
[2026-05-24 17:47:07] [INFO] [ALIVE]: Recibido ALIVE del servidor de piezas
[2026-05-24 17:47:12] [INFO] [HEARTBEAT_SENT]: Enviando HEARTBEAT a SP
[2026-05-24 17:47:12] [INFO] [HEARTBEAT_SENT]: Enviando HEARTBEAT a SP
[2026-05-24 17:47:12] [INFO] [ALIVE]: Recibido ALIVE del servidor de piezas
[2026-05-24 17:47:17] [INFO] [HEARTBEAT_SENT]: Enviando HEARTBEAT a SP
[2026-05-24 17:47:17] [INFO] [HEARTBEAT_SENT]: Enviando HEARTBEAT a SP
[2026-05-24 17:47:17] [INFO] [ALIVE]: Recibido ALIVE del servidor de piezas
[2026-05-24 17:47:22] [INFO] [HEARTBEAT_SENT]: Enviando HEARTBEAT a SP
[2026-05-24 17:47:22] [INFO] [HEARTBEAT_SENT]: Enviando HEARTBEAT a SP
[2026-05-24 17:47:22] [INFO] [ALIVE]: Recibido ALIVE del servidor de piezas
[2026-05-24 17:47:27] [INFO] [HEARTBEAT_SENT]: Enviando HEARTBEAT a SP
[2026-05-24 17:47:27] [INFO] [HEARTBEAT_SENT]: Enviando HEARTBEAT a SP
[2026-05-24 17:47:27] [INFO] [ALIVE]: Recibido ALIVE del servidor de piezas
[2026-05-24 17:47:32] [INFO] [HEARTBEAT_SENT]: Enviando HEARTBEAT a SP
[2026-05-24 17:47:32] [INFO] [HEARTBEAT_SENT]: Enviando HEARTBEAT a SP
[2026-05-24 17:47:32] [INFO] [ALIVE]: Recibido ALIVE del servidor de piezas
[2026-05-24 17:47:37] [INFO] [HEARTBEAT_SENT]: Enviando HEARTBEAT a SP
[2026-05-24 17:47:37] [INFO] [HEARTBEAT_SENT]: Enviando HEARTBEAT a SP
[2026-05-24 17:47:37] [INFO] [ALIVE]: Recibido ALIVE del servidor de piezas
[2026-05-24 17:47:42] [INFO] [HEARTBEAT_SENT]: Enviando HEARTBEAT a SP
[2026-05-24 17:47:42] [INFO] [HEARTBEAT_SENT]: Enviando HEARTBEAT a SP
[2026-05-24 17:47:42] [INFO] [ALIVE]: Recibido ALIVE del servidor de piezas
[2026-05-24 17:47:47] [INFO] [HEARTBEAT_SENT]: Enviando HEARTBEAT a SP
[2026-05-24 17:47:47] [INFO] [HEARTBEAT_SENT]: Enviando HEARTBEAT a SP
[2026-05-24 17:47:47] [INFO] [ALIVE]: Recibido ALIVE del servidor de piezas
[2026-05-24 17:47:52] [INFO] [HEARTBEAT_SENT]: Enviando HEARTBEAT a SP
[2026-05-24 17:47:52] [INFO] [HEARTBEAT_SENT]: Enviando HEARTBEAT a SP
[2026-05-24 17:47:52] [INFO] [ALIVE]: Recibido ALIVE del servidor de piezas
[2026-05-24 17:47:57] [INFO] [HEARTBEAT_SENT]: Enviando HEARTBEAT a SP
[2026-05-24 17:47:57] [INFO] [HEARTBEAT_SENT]: Enviando HEARTBEAT a SP
[2026-05-24 17:47:57] [INFO] [ALIVE]: Recibido ALIVE del servidor de piezas
[2026-05-24 17:48:02] [INFO] [HEARTBEAT_SENT]: Enviando HEARTBEAT a SP
[2026-05-24 17:48:02] [INFO] [HEARTBEAT_SENT]: Enviando HEARTBEAT a SP
[2026-05-24 17:48:02] [INFO] [ALIVE]: Recibido ALIVE del servidor de piezas
[2026-05-24 17:48:07] [INFO] [HEARTBEAT_SENT]: Enviando HEARTBEAT a SP
[2026-05-24 17:48:07] [INFO] [HEARTBEAT_SENT]: Enviando HEARTBEAT a SP
[2026-05-24 17:48:07] [INFO] [ALIVE]: Recibido ALIVE del servidor de piezas
[2026-05-24 17:48:12] [INFO] [HEARTBEAT_SENT]: Enviando HEARTBEAT a SP
[2026-05-24 17:48:12] [INFO] [HEARTBEAT_SENT]: Enviando HEARTBEAT a SP
[2026-05-24 17:48:12] [INFO] [ALIVE]: Recibido ALIVE del servidor de piezas
[2026-05-24 17:48:17] [INFO] [HEARTBEAT_SENT]: Enviando HEARTBEAT a SP
[2026-05-24 17:48:17] [INFO] [HEARTBEAT_SENT]: Enviando HEARTBEAT a SP
[2026-05-24 17:48:17] [INFO] [ALIVE]: Recibido ALIVE del servidor de piezas
[2026-05-24 17:48:22] [INFO] [HEARTBEAT_SENT]: Enviando HEARTBEAT a SP
[2026-05-24 17:48:22] [INFO] [HEARTBEAT_SENT]: Enviando HEARTBEAT a SP
[2026-05-24 17:48:22] [INFO] [ALIVE]: Recibido ALIVE del servidor de piezas
[2026-05-24 17:48:27] [INFO] [HEARTBEAT_SENT]: Enviando HEARTBEAT a SP
[2026-05-24 17:48:27] [INFO] [HEARTBEAT_SENT]: Enviando HEARTBEAT a SP
[2026-05-24 17:48:27] [INFO] [ALIVE]: Recibido ALIVE del servidor de piezas
[2026-05-24 17:48:32] [INFO] [HEARTBEAT_SENT]: Enviando HEARTBEAT a SP
[2026-05-24 17:48:32] [INFO] [HEARTBEAT_SENT]: Enviando HEARTBEAT a SP
[2026-05-24 17:48:32] [INFO] [ALIVE]: Recibido ALIVE del servidor de piezas
[2026-05-24 17:48:37] [INFO] [HEARTBEAT_SENT]: Enviando HEARTBEAT a SP
[2026-05-24 17:48:37] [INFO] [HEARTBEAT_SENT]: Enviando HEARTBEAT a SP
[2026-05-24 17:48:37] [INFO] [ALIVE]: Recibido ALIVE del servidor de piezas
[2026-05-24 17:48:42] [INFO] [HEARTBEAT_SENT]: Enviando HEARTBEAT a SP
[2026-05-24 17:48:42] [INFO] [HEARTBEAT_SENT]: Enviando HEARTBEAT a SP
[2026-05-24 17:48:42] [INFO] [ALIVE]: Recibido ALIVE del servidor de piezas
[2026-05-24 17:48:47] [INFO] [HEARTBEAT_SENT]: Enviando HEARTBEAT a SP
[2026-05-24 17:48:47] [INFO] [HEARTBEAT_SENT]: Enviando HEARTBEAT a SP
[2026-05-24 17:48:47] [INFO] [ALIVE]: Recibido ALIVE del servidor de piezas
[2026-05-24 17:48:52] [INFO] [HEARTBEAT_SENT]: Enviando HEARTBEAT a SP
[2026-05-24 17:48:52] [INFO] [HEARTBEAT_SENT]: Enviando HEARTBEAT a SP
[2026-05-24 17:48:52] [INFO] [ALIVE]: Recibido ALIVE del servidor de piezas
[2026-05-24 17:48:57] [INFO] [HEARTBEAT_SENT]: Enviando HEARTBEAT a SP
[2026-05-24 17:48:57] [INFO] [HEARTBEAT_SENT]: Enviando HEARTBEAT a SP
[2026-05-24 17:48:57] [INFO] [ALIVE]: Recibido ALIVE del servidor de piezas
[2026-05-24 17:49:02] [INFO] [HEARTBEAT_SENT]: Enviando HEARTBEAT a SP
[2026-05-24 17:49:02] [INFO] [HEARTBEAT_SENT]: Enviando HEARTBEAT a SP
[2026-05-24 17:49:02] [INFO] [ALIVE]: Recibido ALIVE del servidor de piezas
[2026-05-24 17:49:07] [INFO] [HEARTBEAT_SENT]: Enviando HEARTBEAT a SP
[2026-05-24 17:49:07] [INFO] [HEARTBEAT_SENT]: Enviando HEARTBEAT a SP
[2026-05-24 17:49:07] [INFO] [ALIVE]: Recibido ALIVE del servidor de piezas
[2026-05-24 17:49:12] [INFO] [HEARTBEAT_SENT]: Enviando HEARTBEAT a SP
[2026-05-24 17:49:12] [INFO] [HEARTBEAT_SENT]: Enviando HEARTBEAT a SP
[2026-05-24 17:49:12] [INFO] [ALIVE]: Recibido ALIVE del servidor de piezas
[2026-05-24 17:49:17] [INFO] [HEARTBEAT_SENT]: Enviando HEARTBEAT a SP
[2026-05-24 17:49:17] [INFO] [HEARTBEAT_SENT]: Enviando HEARTBEAT a SP
[2026-05-24 17:49:17] [INFO] [ALIVE]: Recibido ALIVE del servidor de piezas
[2026-05-24 17:49:22] [INFO] [HEARTBEAT_SENT]: Enviando HEARTBEAT a SP
[2026-05-24 17:49:22] [INFO] [HEARTBEAT_SENT]: Enviando HEARTBEAT a SP
[2026-05-24 17:49:22] [INFO] [ALIVE]: Recibido ALIVE del servidor de piezas
[2026-05-24 17:49:27] [INFO] [HEARTBEAT_SENT]: Enviando HEARTBEAT a SP
[2026-05-24 17:49:27] [INFO] [HEARTBEAT_SENT]: Enviando HEARTBEAT a SP
[2026-05-24 17:49:27] [INFO] [ALIVE]: Recibido ALIVE del servidor de piezas
[2026-05-24 17:49:32] [INFO] [HEARTBEAT_SENT]: Enviando HEARTBEAT a SP
[2026-05-24 17:49:32] [INFO] [HEARTBEAT_SENT]: Enviando HEARTBEAT a SP
[2026-05-24 17:49:32] [INFO] [ALIVE]: Recibido ALIVE del servidor de piezas
[2026-05-24 17:49:37] [INFO] [HEARTBEAT_SENT]: Enviando HEARTBEAT a SP
[2026-05-24 17:49:37] [INFO] [HEARTBEAT_SENT]: Enviando HEARTBEAT a SP
[2026-05-24 17:49:37] [INFO] [ALIVE]: Recibido ALIVE del servidor de piezas
[2026-05-24 17:49:42] [INFO] [HEARTBEAT_SENT]: Enviando HEARTBEAT a SP
[2026-05-24 17:49:42] [INFO] [HEARTBEAT_SENT]: Enviando HEARTBEAT a SP
[2026-05-24 17:49:42] [INFO] [ALIVE]: Recibido ALIVE del servidor de piezas
[2026-05-24 17:49:47] [INFO] [HEARTBEAT_SENT]: Enviando HEARTBEAT a SP
[2026-05-24 17:49:47] [INFO] [HEARTBEAT_SENT]: Enviando HEARTBEAT a SP
[2026-05-24 17:49:47] [INFO] [ALIVE]: Recibido ALIVE del servidor de piezas
[2026-05-24 17:49:52] [INFO] [HEARTBEAT_SENT]: Enviando HEARTBEAT a SP
[2026-05-24 17:49:52] [INFO] [HEARTBEAT_SENT]: Enviando HEARTBEAT a SP
[2026-05-24 17:49:52] [INFO] [ALIVE]: Recibido ALIVE del servidor de piezas
[2026-05-24 17:49:57] [INFO] [HEARTBEAT_SENT]: Enviando HEARTBEAT a SP
[2026-05-24 17:49:57] [INFO] [HEARTBEAT_SENT]: Enviando HEARTBEAT a SP
[2026-05-24 17:49:57] [INFO] [ALIVE]: Recibido ALIVE del servidor de piezas
[2026-05-24 17:50:02] [INFO] [HEARTBEAT_SENT]: Enviando HEARTBEAT a SP
[2026-05-24 17:50:02] [INFO] [HEARTBEAT_SENT]: Enviando HEARTBEAT a SP
[2026-05-24 17:50:02] [INFO] [ALIVE]: Recibido ALIVE del servidor de piezas
[2026-05-24 17:50:07] [INFO] [HEARTBEAT_SENT]: Enviando HEARTBEAT a SP
[2026-05-24 17:50:07] [INFO] [HEARTBEAT_SENT]: Enviando HEARTBEAT a SP
[2026-05-24 17:50:07] [INFO] [ALIVE]: Recibido ALIVE del servidor de piezas
[2026-05-24 17:50:12] [INFO] [HEARTBEAT_SENT]: Enviando HEARTBEAT a SP
[2026-05-24 17:50:12] [INFO] [HEARTBEAT_SENT]: Enviando HEARTBEAT a SP
[2026-05-24 17:50:12] [INFO] [ALIVE]: Recibido ALIVE del servidor de piezas
[2026-05-24 17:50:17] [INFO] [HEARTBEAT_SENT]: Enviando HEARTBEAT a SP
[2026-05-24 17:50:17] [INFO] [HEARTBEAT_SENT]: Enviando HEARTBEAT a SP
[2026-05-24 17:50:17] [INFO] [ALIVE]: Recibido ALIVE del servidor de piezas
[2026-05-24 17:50:22] [INFO] [HEARTBEAT_SENT]: Enviando HEARTBEAT a SP
[2026-05-24 17:50:22] [INFO] [HEARTBEAT_SENT]: Enviando HEARTBEAT a SP
[2026-05-24 17:50:22] [INFO] [ALIVE]: Recibido ALIVE del servidor de piezas
[2026-05-24 17:50:27] [INFO] [HEARTBEAT_SENT]: Enviando HEARTBEAT a SP
[2026-05-24 17:50:27] [INFO] [HEARTBEAT_SENT]: Enviando HEARTBEAT a SP
[2026-05-24 17:50:27] [INFO] [ALIVE]: Recibido ALIVE del servidor de piezas
[2026-05-24 17:50:32] [INFO] [HEARTBEAT_SENT]: Enviando HEARTBEAT a SP
[2026-05-24 17:50:32] [INFO] [HEARTBEAT_SENT]: Enviando HEARTBEAT a SP
[2026-05-24 17:50:32] [INFO] [ALIVE]: Recibido ALIVE del servidor de piezas
[2026-05-24 17:50:37] [INFO] [HEARTBEAT_SENT]: Enviando HEARTBEAT a SP
[2026-05-24 17:50:37] [INFO] [HEARTBEAT_SENT]: Enviando HEARTBEAT a SP
[2026-05-24 17:50:37] [INFO] [ALIVE]: Recibido ALIVE del servidor de piezas
[2026-05-24 17:50:42] [INFO] [HEARTBEAT_SENT]: Enviando HEARTBEAT a SP
[2026-05-24 17:50:42] [INFO] [HEARTBEAT_SENT]: Enviando HEARTBEAT a SP
[2026-05-24 17:50:42] [INFO] [ALIVE]: Recibido ALIVE del servidor de piezas
[2026-05-24 17:50:47] [INFO] [HEARTBEAT_SENT]: Enviando HEARTBEAT a SP
[2026-05-24 17:50:47] [INFO] [HEARTBEAT_SENT]: Enviando HEARTBEAT a SP
[2026-05-24 17:50:47] [INFO] [ALIVE]: Recibido ALIVE del servidor de piezas
[2026-05-24 17:50:52] [INFO] [HEARTBEAT_SENT]: Enviando HEARTBEAT a SP
[2026-05-24 17:50:52] [INFO] [HEARTBEAT_SENT]: Enviando HEARTBEAT a SP
[2026-05-24 17:50:52] [INFO] [ALIVE]: Recibido ALIVE del servidor de piezas
[2026-05-24 17:50:57] [INFO] [HEARTBEAT_SENT]: Enviando HEARTBEAT a SP
[2026-05-24 17:50:57] [INFO] [HEARTBEAT_SENT]: Enviando HEARTBEAT a SP
[2026-05-24 17:50:57] [INFO] [ALIVE]: Recibido ALIVE del servidor de piezas
[2026-05-24 17:51:02] [INFO] [HEARTBEAT_SENT]: Enviando HEARTBEAT a SP
[2026-05-24 17:51:02] [INFO] [HEARTBEAT_SENT]: Enviando HEARTBEAT a SP
[2026-05-24 17:51:02] [INFO] [ALIVE]: Recibido ALIVE del servidor de piezas
[2026-05-24 17:51:07] [INFO] [HEARTBEAT_SENT]: Enviando HEARTBEAT a SP
[2026-05-24 17:51:07] [INFO] [HEARTBEAT_SENT]: Enviando HEARTBEAT a SP
[2026-05-24 17:51:07] [INFO] [ALIVE]: Recibido ALIVE del servidor de piezas
[2026-05-24 17:51:12] [INFO] [HEARTBEAT_SENT]: Enviando HEARTBEAT a SP
[2026-05-24 17:51:12] [INFO] [HEARTBEAT_SENT]: Enviando HEARTBEAT a SP
[2026-05-24 17:51:12] [INFO] [ALIVE]: Recibido ALIVE del servidor de piezas
[2026-05-24 17:51:17] [INFO] [HEARTBEAT_SENT]: Enviando HEARTBEAT a SP
[2026-05-24 17:51:17] [INFO] [HEARTBEAT_SENT]: Enviando HEARTBEAT a SP
[2026-05-24 17:51:17] [INFO] [ALIVE]: Recibido ALIVE del servidor de piezas
[2026-05-24 17:51:22] [INFO] [HEARTBEAT_SENT]: Enviando HEARTBEAT a SP
[2026-05-24 17:51:22] [INFO] [HEARTBEAT_SENT]: Enviando HEARTBEAT a SP
[2026-05-24 17:51:22] [INFO] [ALIVE]: Recibido ALIVE del servidor de piezas
[2026-05-24 17:51:27] [INFO] [HEARTBEAT_SENT]: Enviando HEARTBEAT a SP
[2026-05-24 17:51:27] [INFO] [HEARTBEAT_SENT]: Enviando HEARTBEAT a SP
[2026-05-24 17:51:27] [INFO] [ALIVE]: Recibido ALIVE del servidor de piezas
[2026-05-24 17:51:32] [INFO] [HEARTBEAT_SENT]: Enviando HEARTBEAT a SP
[2026-05-24 17:51:32] [INFO] [HEARTBEAT_SENT]: Enviando HEARTBEAT a SP
[2026-05-24 17:51:32] [INFO] [ALIVE]: Recibido ALIVE del servidor de piezas
[2026-05-24 17:51:37] [INFO] [HEARTBEAT_SENT]: Enviando HEARTBEAT a SP
[2026-05-24 17:51:37] [INFO] [HEARTBEAT_SENT]: Enviando HEARTBEAT a SP
[2026-05-24 17:51:37] [INFO] [ALIVE]: Recibido ALIVE del servidor de piezas
[2026-05-24 17:51:42] [INFO] [HEARTBEAT_SENT]: Enviando HEARTBEAT a SP
[2026-05-24 17:51:42] [INFO] [HEARTBEAT_SENT]: Enviando HEARTBEAT a SP
[2026-05-24 17:51:42] [INFO] [ALIVE]: Recibido ALIVE del servidor de piezas
[2026-05-24 17:51:47] [INFO] [HEARTBEAT_SENT]: Enviando HEARTBEAT a SP
[2026-05-24 17:51:47] [INFO] [HEARTBEAT_SENT]: Enviando HEARTBEAT a SP
[2026-05-24 17:51:47] [INFO] [ALIVE]: Recibido ALIVE del servidor de piezas
[2026-05-24 17:51:52] [INFO] [HEARTBEAT_SENT]: Enviando HEARTBEAT a SP
[2026-05-24 17:51:52] [INFO] [HEARTBEAT_SENT]: Enviando HEARTBEAT a SP
[2026-05-24 17:51:52] [INFO] [ALIVE]: Recibido ALIVE del servidor de piezas
[2026-05-24 17:51:57] [INFO] [HEARTBEAT_SENT]: Enviando HEARTBEAT a SP
[2026-05-24 17:51:57] [INFO] [HEARTBEAT_SENT]: Enviando HEARTBEAT a SP
[2026-05-24 17:51:57] [INFO] [ALIVE]: Recibido ALIVE del servidor de piezas
[2026-05-24 17:52:02] [INFO] [HEARTBEAT_SENT]: Enviando HEARTBEAT a SP
[2026-05-24 17:52:02] [INFO] [HEARTBEAT_SENT]: Enviando HEARTBEAT a SP
[2026-05-24 17:52:02] [INFO] [ALIVE]: Recibido ALIVE del servidor de piezas
[2026-05-24 17:52:07] [INFO] [HEARTBEAT_SENT]: Enviando HEARTBEAT a SP
[2026-05-24 17:52:07] [INFO] [HEARTBEAT_SENT]: Enviando HEARTBEAT a SP
[2026-05-24 17:52:07] [INFO] [ALIVE]: Recibido ALIVE del servidor de piezas
[2026-05-24 17:52:12] [INFO] [HEARTBEAT_SENT]: Enviando HEARTBEAT a SP
[2026-05-24 17:52:12] [INFO] [HEARTBEAT_SENT]: Enviando HEARTBEAT a SP
[2026-05-24 17:52:12] [INFO] [ALIVE]: Recibido ALIVE del servidor de piezas
[2026-05-24 17:52:17] [INFO] [HEARTBEAT_SENT]: Enviando HEARTBEAT a SP
[2026-05-24 17:52:17] [INFO] [HEARTBEAT_SENT]: Enviando HEARTBEAT a SP
[2026-05-24 17:52:17] [INFO] [ALIVE]: Recibido ALIVE del servidor de piezas
[2026-05-24 17:52:22] [INFO] [HEARTBEAT_SENT]: Enviando HEARTBEAT a SP
[2026-05-24 17:52:22] [INFO] [HEARTBEAT_SENT]: Enviando HEARTBEAT a SP
[2026-05-24 17:52:22] [INFO] [ALIVE]: Recibido ALIVE del servidor de piezas
[2026-05-24 17:52:27] [INFO] [HEARTBEAT_SENT]: Enviando HEARTBEAT a SP
[2026-05-24 17:52:27] [INFO] [HEARTBEAT_SENT]: Enviando HEARTBEAT a SP
[2026-05-24 17:52:27] [INFO] [ALIVE]: Recibido ALIVE del servidor de piezas
[2026-05-24 17:52:32] [INFO] [HEARTBEAT_SENT]: Enviando HEARTBEAT a SP
[2026-05-24 17:52:32] [INFO] [HEARTBEAT_SENT]: Enviando HEARTBEAT a SP
[2026-05-24 17:52:32] [INFO] [ALIVE]: Recibido ALIVE del servidor de piezas
[2026-05-24 17:52:37] [INFO] [HEARTBEAT_SENT]: Enviando HEARTBEAT a SP
[2026-05-24 17:52:37] [INFO] [HEARTBEAT_SENT]: Enviando HEARTBEAT a SP
[2026-05-24 17:52:37] [INFO] [ALIVE]: Recibido ALIVE del servidor de piezas
[2026-05-24 17:52:42] [INFO] [HEARTBEAT_SENT]: Enviando HEARTBEAT a SP
[2026-05-24 17:52:42] [INFO] [HEARTBEAT_SENT]: Enviando HEARTBEAT a SP
[2026-05-24 17:52:42] [INFO] [ALIVE]: Recibido ALIVE del servidor de piezas
[2026-05-24 17:52:47] [INFO] [HEARTBEAT_SENT]: Enviando HEARTBEAT a SP
[2026-05-24 17:52:47] [INFO] [HEARTBEAT_SENT]: Enviando HEARTBEAT a SP
[2026-05-24 17:52:47] [INFO] [ALIVE]: Recibido ALIVE del servidor de piezas
[2026-05-24 17:52:52] [INFO] [HEARTBEAT_SENT]: Enviando HEARTBEAT a SP
[2026-05-24 17:52:52] [INFO] [HEARTBEAT_SENT]: Enviando HEARTBEAT a SP
[2026-05-24 17:52:52] [INFO] [ALIVE]: Recibido ALIVE del servidor de piezas
[2026-05-24 17:52:57] [INFO] [HEARTBEAT_SENT]: Enviando HEARTBEAT a SP
[2026-05-24 17:52:57] [INFO] [HEARTBEAT_SENT]: Enviando HEARTBEAT a SP
[2026-05-24 17:52:57] [INFO] [ALIVE]: Recibido ALIVE del servidor de piezas
[2026-05-24 17:53:02] [INFO] [HEARTBEAT_SENT]: Enviando HEARTBEAT a SP
[2026-05-24 17:53:02] [INFO] [HEARTBEAT_SENT]: Enviando HEARTBEAT a SP
[2026-05-24 17:53:02] [INFO] [ALIVE]: Recibido ALIVE del servidor de piezas
[2026-05-24 17:53:07] [INFO] [HEARTBEAT_SENT]: Enviando HEARTBEAT a SP
[2026-05-24 17:53:07] [INFO] [HEARTBEAT_SENT]: Enviando HEARTBEAT a SP
[2026-05-24 17:53:07] [INFO] [ALIVE]: Recibido ALIVE del servidor de piezas
[2026-05-24 17:53:12] [INFO] [HEARTBEAT_SENT]: Enviando HEARTBEAT a SP
[2026-05-24 17:53:12] [INFO] [HEARTBEAT_SENT]: Enviando HEARTBEAT a SP
[2026-05-24 17:53:12] [INFO] [ALIVE]: Recibido ALIVE del servidor de piezas
[2026-05-24 17:53:17] [INFO] [HEARTBEAT_SENT]: Enviando HEARTBEAT a SP
[2026-05-24 17:53:17] [INFO] [HEARTBEAT_SENT]: Enviando HEARTBEAT a SP
[2026-05-24 17:53:17] [INFO] [ALIVE]: Recibido ALIVE del servidor de piezas
[2026-05-24 17:53:22] [INFO] [HEARTBEAT_SENT]: Enviando HEARTBEAT a SP
[2026-05-24 17:53:22] [INFO] [HEARTBEAT_SENT]: Enviando HEARTBEAT a SP
[2026-05-24 17:53:22] [INFO] [ALIVE]: Recibido ALIVE del servidor de piezas
[2026-05-24 17:53:27] [INFO] [HEARTBEAT_SENT]: Enviando HEARTBEAT a SP
[2026-05-24 17:53:27] [INFO] [HEARTBEAT_SENT]: Enviando HEARTBEAT a SP
[2026-05-24 17:53:27] [INFO] [ALIVE]: Recibido ALIVE del servidor de piezas
[2026-05-24 17:53:32] [INFO] [HEARTBEAT_SENT]: Enviando HEARTBEAT a SP
[2026-05-24 17:53:32] [INFO] [HEARTBEAT_SENT]: Enviando HEARTBEAT a SP
[2026-05-24 17:53:32] [INFO] [ALIVE]: Recibido ALIVE del servidor de piezas
[2026-05-24 17:53:37] [INFO] [HEARTBEAT_SENT]: Enviando HEARTBEAT a SP
[2026-05-24 17:53:37] [INFO] [HEARTBEAT_SENT]: Enviando HEARTBEAT a SP
[2026-05-24 17:53:37] [INFO] [ALIVE]: Recibido ALIVE del servidor de piezas
[2026-05-24 17:53:42] [INFO] [HEARTBEAT_SENT]: Enviando HEARTBEAT a SP
[2026-05-24 17:53:42] [INFO] [HEARTBEAT_SENT]: Enviando HEARTBEAT a SP
[2026-05-24 17:53:42] [INFO] [ALIVE]: Recibido ALIVE del servidor de piezas
[2026-05-24 17:53:47] [INFO] [HEARTBEAT_SENT]: Enviando HEARTBEAT a SP
[2026-05-24 17:53:47] [INFO] [HEARTBEAT_SENT]: Enviando HEARTBEAT a SP
[2026-05-24 17:53:47] [INFO] [ALIVE]: Recibido ALIVE del servidor de piezas
[2026-05-24 17:53:52] [INFO] [HEARTBEAT_SENT]: Enviando HEARTBEAT a SP
[2026-05-24 17:53:52] [INFO] [HEARTBEAT_SENT]: Enviando HEARTBEAT a SP
[2026-05-24 17:53:52] [INFO] [ALIVE]: Recibido ALIVE del servidor de piezas
[2026-05-24 17:53:57] [INFO] [HEARTBEAT_SENT]: Enviando HEARTBEAT a SP
[2026-05-24 17:53:57] [INFO] [HEARTBEAT_SENT]: Enviando HEARTBEAT a SP
[2026-05-24 17:53:57] [INFO] [ALIVE]: Recibido ALIVE del servidor de piezas
[2026-05-24 17:54:09] [INFO] [FIGURA_LOCAL]: Perro
[2026-05-24 17:54:09] [INFO] [FIGURA_LOCAL]: Gato
[2026-05-24 17:54:09] [INFO] [FIGURA_LOCAL]: Ballena
[2026-05-24 17:54:09] [INFO] [FIGURA_LOCAL]: Oveja
[2026-05-24 17:54:09] [INFO] [FIGURA_LOCAL]: Carro
[2026-05-24 17:54:09] [INFO] [HANDSHAKE_RECEIVED]: Handshake con SI-01
[2026-05-24 17:54:09] [INFO] [HANDSHAKE_RECEIVED]: Handshake con SI-02
[2026-05-24 17:54:09] [INFO] [REGISTER]: Servidor de piezas registrado correctamente
[2026-05-24 17:54:14] [INFO] [HEARTBEAT_SENT]: Enviando HEARTBEAT a SP
[2026-05-24 17:54:14] [INFO] [HEARTBEAT_SENT]: Enviando HEARTBEAT a SP
[2026-05-24 17:54:14] [INFO] [ALIVE]: Recibido ALIVE del servidor de piezas
[2026-05-24 17:54:19] [INFO] [HEARTBEAT_SENT]: Enviando HEARTBEAT a SP
[2026-05-24 17:54:19] [INFO] [HEARTBEAT_SENT]: Enviando HEARTBEAT a SP
[2026-05-24 17:54:19] [INFO] [ALIVE]: Recibido ALIVE del servidor de piezas
[2026-05-24 17:54:24] [INFO] [HEARTBEAT_SENT]: Enviando HEARTBEAT a SP
[2026-05-24 17:54:24] [INFO] [HEARTBEAT_SENT]: Enviando HEARTBEAT a SP
[2026-05-24 17:54:24] [INFO] [ALIVE]: Recibido ALIVE del servidor de piezas
[2026-05-24 17:54:29] [INFO] [HEARTBEAT_SENT]: Enviando HEARTBEAT a SP
[2026-05-24 17:54:29] [INFO] [HEARTBEAT_SENT]: Enviando HEARTBEAT a SP
[2026-05-24 17:54:29] [INFO] [ALIVE]: Recibido ALIVE del servidor de piezas
[2026-05-24 17:54:34] [INFO] [HEARTBEAT_SENT]: Enviando HEARTBEAT a SP
[2026-05-24 17:54:34] [INFO] [HEARTBEAT_SENT]: Enviando HEARTBEAT a SP
[2026-05-24 17:54:34] [INFO] [ALIVE]: Recibido ALIVE del servidor de piezas
[2026-05-24 17:54:39] [INFO] [HEARTBEAT_SENT]: Enviando HEARTBEAT a SP
[2026-05-24 17:54:39] [INFO] [HEARTBEAT_SENT]: Enviando HEARTBEAT a SP
[2026-05-24 17:54:39] [INFO] [ALIVE]: Recibido ALIVE del servidor de piezas
[2026-05-24 17:54:44] [INFO] [HEARTBEAT_SENT]: Enviando HEARTBEAT a SP
[2026-05-24 17:54:44] [INFO] [HEARTBEAT_SENT]: Enviando HEARTBEAT a SP
[2026-05-24 17:54:44] [INFO] [ALIVE]: Recibido ALIVE del servidor de piezas
[2026-05-24 17:54:49] [INFO] [HEARTBEAT_SENT]: Enviando HEARTBEAT a SP
[2026-05-24 17:54:49] [INFO] [HEARTBEAT_SENT]: Enviando HEARTBEAT a SP
[2026-05-24 17:54:49] [INFO] [ALIVE]: Recibido ALIVE del servidor de piezas
[2026-05-24 17:54:54] [INFO] [HEARTBEAT_SENT]: Enviando HEARTBEAT a SP
[2026-05-24 17:54:54] [INFO] [HEARTBEAT_SENT]: Enviando HEARTBEAT a SP
[2026-05-24 17:54:54] [INFO] [ALIVE]: Recibido ALIVE del servidor de piezas
[2026-05-24 17:54:59] [INFO] [HEARTBEAT_SENT]: Enviando HEARTBEAT a SP
[2026-05-24 17:54:59] [INFO] [HEARTBEAT_SENT]: Enviando HEARTBEAT a SP
[2026-05-24 17:54:59] [INFO] [ALIVE]: Recibido ALIVE del servidor de piezas
[2026-05-24 17:55:04] [INFO] [HEARTBEAT_SENT]: Enviando HEARTBEAT a SP
[2026-05-24 17:55:04] [INFO] [HEARTBEAT_SENT]: Enviando HEARTBEAT a SP
[2026-05-24 17:55:04] [INFO] [ALIVE]: Recibido ALIVE del servidor de piezas
[2026-05-24 17:55:09] [INFO] [HEARTBEAT_SENT]: Enviando HEARTBEAT a SP
[2026-05-24 17:55:09] [INFO] [HEARTBEAT_SENT]: Enviando HEARTBEAT a SP
[2026-05-24 17:55:09] [INFO] [ALIVE]: Recibido ALIVE del servidor de piezas
[2026-05-24 17:55:14] [INFO] [HEARTBEAT_SENT]: Enviando HEARTBEAT a SP
[2026-05-24 17:55:14] [INFO] [HEARTBEAT_SENT]: Enviando HEARTBEAT a SP
[2026-05-24 17:55:14] [INFO] [ALIVE]: Recibido ALIVE del servidor de piezas
[2026-05-24 17:55:19] [INFO] [HEARTBEAT_SENT]: Enviando HEARTBEAT a SP
[2026-05-24 17:55:19] [INFO] [HEARTBEAT_SENT]: Enviando HEARTBEAT a SP
[2026-05-24 17:55:19] [INFO] [ALIVE]: Recibido ALIVE del servidor de piezas
[2026-05-24 17:55:24] [INFO] [HEARTBEAT_SENT]: Enviando HEARTBEAT a SP
[2026-05-24 17:55:24] [INFO] [HEARTBEAT_SENT]: Enviando HEARTBEAT a SP
[2026-05-24 17:55:24] [INFO] [ALIVE]: Recibido ALIVE del servidor de piezas
[2026-05-24 17:55:29] [INFO] [HEARTBEAT_SENT]: Enviando HEARTBEAT a SP
[2026-05-24 17:55:29] [INFO] [HEARTBEAT_SENT]: Enviando HEARTBEAT a SP
[2026-05-24 17:55:29] [INFO] [ALIVE]: Recibido ALIVE del servidor de piezas
[2026-05-24 17:55:34] [INFO] [HEARTBEAT_SENT]: Enviando HEARTBEAT a SP
[2026-05-24 17:55:34] [INFO] [HEARTBEAT_SENT]: Enviando HEARTBEAT a SP
[2026-05-24 17:55:34] [INFO] [ALIVE]: Recibido ALIVE del servidor de piezas
[2026-05-24 17:55:39] [INFO] [HEARTBEAT_SENT]: Enviando HEARTBEAT a SP
[2026-05-24 17:55:39] [INFO] [HEARTBEAT_SENT]: Enviando HEARTBEAT a SP
[2026-05-24 17:55:39] [INFO] [ALIVE]: Recibido ALIVE del servidor de piezas
[2026-05-24 17:55:44] [INFO] [HEARTBEAT_SENT]: Enviando HEARTBEAT a SP
[2026-05-24 17:55:44] [INFO] [HEARTBEAT_SENT]: Enviando HEARTBEAT a SP
[2026-05-24 17:55:44] [INFO] [ALIVE]: Recibido ALIVE del servidor de piezas
[2026-05-24 17:55:49] [INFO] [HEARTBEAT_SENT]: Enviando HEARTBEAT a SP
[2026-05-24 17:55:49] [INFO] [HEARTBEAT_SENT]: Enviando HEARTBEAT a SP
[2026-05-24 17:55:49] [INFO] [ALIVE]: Recibido ALIVE del servidor de piezas
[2026-05-24 17:55:54] [INFO] [HEARTBEAT_SENT]: Enviando HEARTBEAT a SP
[2026-05-24 17:55:54] [INFO] [HEARTBEAT_SENT]: Enviando HEARTBEAT a SP
[2026-05-24 17:55:54] [INFO] [ALIVE]: Recibido ALIVE del servidor de piezas
[2026-05-24 17:55:59] [INFO] [HEARTBEAT_SENT]: Enviando HEARTBEAT a SP
[2026-05-24 17:55:59] [INFO] [HEARTBEAT_SENT]: Enviando HEARTBEAT a SP
[2026-05-24 17:55:59] [INFO] [ALIVE]: Recibido ALIVE del servidor de piezas
[2026-05-24 17:56:04] [INFO] [HEARTBEAT_SENT]: Enviando HEARTBEAT a SP
[2026-05-24 17:56:04] [INFO] [HEARTBEAT_SENT]: Enviando HEARTBEAT a SP
[2026-05-24 17:56:04] [INFO] [ALIVE]: Recibido ALIVE del servidor de piezas
[2026-05-24 17:56:09] [INFO] [HEARTBEAT_SENT]: Enviando HEARTBEAT a SP
[2026-05-24 17:56:09] [INFO] [HEARTBEAT_SENT]: Enviando HEARTBEAT a SP
[2026-05-24 17:56:09] [INFO] [ALIVE]: Recibido ALIVE del servidor de piezas
[2026-05-24 17:56:14] [INFO] [HEARTBEAT_SENT]: Enviando HEARTBEAT a SP
[2026-05-24 17:56:14] [INFO] [HEARTBEAT_SENT]: Enviando HEARTBEAT a SP
[2026-05-24 17:56:14] [INFO] [ALIVE]: Recibido ALIVE del servidor de piezas
[2026-05-24 17:56:19] [INFO] [HEARTBEAT_SENT]: Enviando HEARTBEAT a SP
[2026-05-24 17:56:19] [INFO] [HEARTBEAT_SENT]: Enviando HEARTBEAT a SP
[2026-05-24 17:56:19] [INFO] [ALIVE]: Recibido ALIVE del servidor de piezas
[2026-05-24 17:56:24] [INFO] [HEARTBEAT_SENT]: Enviando HEARTBEAT a SP
[2026-05-24 17:56:24] [INFO] [HEARTBEAT_SENT]: Enviando HEARTBEAT a SP
[2026-05-24 17:56:24] [INFO] [ALIVE]: Recibido ALIVE del servidor de piezas
[2026-05-24 17:56:29] [INFO] [HEARTBEAT_SENT]: Enviando HEARTBEAT a SP
[2026-05-24 17:56:29] [INFO] [HEARTBEAT_SENT]: Enviando HEARTBEAT a SP
[2026-05-24 17:56:29] [INFO] [ALIVE]: Recibido ALIVE del servidor de piezas
[2026-05-24 17:56:34] [INFO] [HEARTBEAT_SENT]: Enviando HEARTBEAT a SP
[2026-05-24 17:56:34] [INFO] [HEARTBEAT_SENT]: Enviando HEARTBEAT a SP
[2026-05-24 17:56:34] [INFO] [ALIVE]: Recibido ALIVE del servidor de piezas
[2026-05-24 17:56:39] [INFO] [HEARTBEAT_SENT]: Enviando HEARTBEAT a SP
[2026-05-24 17:56:39] [INFO] [HEARTBEAT_SENT]: Enviando HEARTBEAT a SP
[2026-05-24 17:56:39] [INFO] [ALIVE]: Recibido ALIVE del servidor de piezas
[2026-05-24 17:56:44] [INFO] [HEARTBEAT_SENT]: Enviando HEARTBEAT a SP
[2026-05-24 17:56:44] [INFO] [HEARTBEAT_SENT]: Enviando HEARTBEAT a SP
[2026-05-24 17:56:44] [INFO] [ALIVE]: Recibido ALIVE del servidor de piezas
[2026-05-24 17:56:49] [INFO] [HEARTBEAT_SENT]: Enviando HEARTBEAT a SP
[2026-05-24 17:56:49] [INFO] [HEARTBEAT_SENT]: Enviando HEARTBEAT a SP
[2026-05-24 17:56:49] [INFO] [ALIVE]: Recibido ALIVE del servidor de piezas
[2026-05-24 17:57:16] [INFO] [FIGURA_LOCAL]: Perro
[2026-05-24 17:57:16] [INFO] [FIGURA_LOCAL]: Gato
[2026-05-24 17:57:16] [INFO] [FIGURA_LOCAL]: Ballena
[2026-05-24 17:57:16] [INFO] [FIGURA_LOCAL]: Oveja
[2026-05-24 17:57:16] [INFO] [FIGURA_LOCAL]: Carro
[2026-05-24 17:57:16] [INFO] [HANDSHAKE_RECEIVED]: Handshake con SI-01
[2026-05-24 17:57:16] [INFO] [HANDSHAKE_RECEIVED]: Handshake con SI-02
[2026-05-24 17:57:16] [INFO] [REGISTER]: Servidor de piezas registrado correctamente
[2026-05-24 17:57:21] [INFO] [HEARTBEAT_SENT]: Enviando HEARTBEAT a SP
[2026-05-24 17:57:21] [INFO] [HEARTBEAT_SENT]: Enviando HEARTBEAT a SP
[2026-05-24 17:57:26] [INFO] [HEARTBEAT_SENT]: Enviando HEARTBEAT a SP
[2026-05-24 17:57:26] [INFO] [HEARTBEAT_SENT]: Enviando HEARTBEAT a SP
[2026-05-24 17:57:31] [INFO] [HEARTBEAT_SENT]: Enviando HEARTBEAT a SP
[2026-05-24 17:57:31] [INFO] [HEARTBEAT_SENT]: Enviando HEARTBEAT a SP
[2026-05-24 17:57:36] [INFO] [HEARTBEAT_SENT]: Enviando HEARTBEAT a SP
[2026-05-24 17:57:36] [INFO] [HEARTBEAT_SENT]: Enviando HEARTBEAT a SP
[2026-05-24 17:57:41] [INFO] [HEARTBEAT_SENT]: Enviando HEARTBEAT a SP
[2026-05-24 17:57:41] [INFO] [HEARTBEAT_SENT]: Enviando HEARTBEAT a SP
[2026-05-24 17:57:46] [INFO] [HEARTBEAT_SENT]: Enviando HEARTBEAT a SP
[2026-05-24 17:57:46] [INFO] [HEARTBEAT_SENT]: Enviando HEARTBEAT a SP
[2026-05-24 17:57:51] [INFO] [HEARTBEAT_SENT]: Enviando HEARTBEAT a SP
[2026-05-24 17:57:51] [INFO] [HEARTBEAT_SENT]: Enviando HEARTBEAT a SP
[2026-05-24 17:57:56] [INFO] [HEARTBEAT_SENT]: Enviando HEARTBEAT a SP
[2026-05-24 17:57:56] [INFO] [HEARTBEAT_SENT]: Enviando HEARTBEAT a SP
[2026-05-24 17:58:01] [INFO] [HEARTBEAT_SENT]: Enviando HEARTBEAT a SP
[2026-05-24 17:58:01] [INFO] [HEARTBEAT_SENT]: Enviando HEARTBEAT a SP
[2026-05-24 17:58:06] [INFO] [HEARTBEAT_SENT]: Enviando HEARTBEAT a SP
[2026-05-24 17:58:06] [INFO] [HEARTBEAT_SENT]: Enviando HEARTBEAT a SP
[2026-05-24 17:58:11] [INFO] [HEARTBEAT_SENT]: Enviando HEARTBEAT a SP
[2026-05-24 17:58:11] [INFO] [HEARTBEAT_SENT]: Enviando HEARTBEAT a SP
[2026-05-24 17:58:16] [INFO] [HEARTBEAT_SENT]: Enviando HEARTBEAT a SP
[2026-05-24 17:58:16] [INFO] [HEARTBEAT_SENT]: Enviando HEARTBEAT a SP
[2026-05-24 17:58:21] [INFO] [HEARTBEAT_SENT]: Enviando HEARTBEAT a SP
[2026-05-24 17:58:21] [INFO] [HEARTBEAT_SENT]: Enviando HEARTBEAT a SP
[2026-05-24 17:58:26] [INFO] [HEARTBEAT_SENT]: Enviando HEARTBEAT a SP
[2026-05-24 17:58:26] [INFO] [HEARTBEAT_SENT]: Enviando HEARTBEAT a SP
[2026-05-24 17:58:31] [INFO] [HEARTBEAT_SENT]: Enviando HEARTBEAT a SP
[2026-05-24 17:58:31] [INFO] [HEARTBEAT_SENT]: Enviando HEARTBEAT a SP
[2026-05-24 17:58:36] [INFO] [HEARTBEAT_SENT]: Enviando HEARTBEAT a SP
[2026-05-24 17:58:36] [INFO] [HEARTBEAT_SENT]: Enviando HEARTBEAT a SP
[2026-05-24 17:58:41] [INFO] [HEARTBEAT_SENT]: Enviando HEARTBEAT a SP
[2026-05-24 17:58:41] [INFO] [HEARTBEAT_SENT]: Enviando HEARTBEAT a SP
[2026-05-24 17:58:46] [INFO] [HEARTBEAT_SENT]: Enviando HEARTBEAT a SP
[2026-05-24 17:58:46] [INFO] [HEARTBEAT_SENT]: Enviando HEARTBEAT a SP
