[2026-04-13 22:45:48] [Cliente]: 
	[>]	Conexion establecida al servidor local
[2026-04-13 22:45:48] [Cliente]: 
	[>]	GET /figuras HTTP/1.1\r [>] \n [>] Host: ::1\r [>] \n [>] \r [>] \n [>] 
[2026-04-13 22:48:07] [Cliente]: 
	[>]	Conexion establecida al servidor local
[2026-04-13 22:48:07] [Cliente]: 
	[>]	GET /figuras HTTP/1.1\r [>] \n [>] Host: ::1\r [>] \n [>] \r [>] \n [>] 
[2026-04-13 22:48:13] [Cliente]: 
	[>]	Conexion establecida
[2026-04-13 22:48:13] [Cliente]: 
	[>]	GET /figura/Perro/1 HTTP/1.1\r [>] \n [>] Host: ::1\r [>] \n [>] \r [>] \n [>] 
[2026-04-13 22:49:21] [Cliente]: 
	[>]	Conexion establecida al servidor local
[2026-04-13 22:49:21] [Cliente]: 
	[>]	GET /figuras HTTP/1.1\r [>] \n [>] Host: ::1\r [>] \n [>] \r [>] \n [>] 
[2026-04-13 22:49:26] [Cliente]: 
	[>]	Conexion establecida
[2026-04-13 22:49:26] [Cliente]: 
	[>]	GET /figura/Gato/2 HTTP/1.1\r [>] \n [>] Host: ::1\r [>] \n [>] \r [>] \n [>] 
